<?xml version="1.0" encoding="UTF-8"?>
<coverage generated="1723210236943" clover="3.2.0">
  <project timestamp="1723210236943" name="All files">
    <metrics statements="77" coveredstatements="77" conditionals="34" coveredconditionals="32" methods="15" coveredmethods="15" elements="126" coveredelements="124" complexity="0" loc="77" ncloc="77" packages="2" files="12" classes="12"/>
    <package name="src">
      <metrics statements="57" coveredstatements="57" conditionals="22" coveredconditionals="22" methods="12" coveredmethods="12"/>
      <file name="canCrossTheBridge.js" path="C:\Users\IncubXperts\Desktop\Learning\Github Copilot Testing\Auto Test Case Understanding\src\canCrossTheBridge.js">
        <metrics statements="2" coveredstatements="2" conditionals="0" coveredconditionals="0" methods="1" coveredmethods="1"/>
        <line num="2" count="7" type="stmt"/>
        <line num="5" count="1" type="stmt"/>
      </file>
      <file name="firstNonRepChar.js" path="C:\Users\IncubXperts\Desktop\Learning\Github Copilot Testing\Auto Test Case Understanding\src\firstNonRepChar.js">
        <metrics statements="8" coveredstatements="8" conditionals="4" coveredconditionals="4" methods="1" coveredmethods="1"/>
        <line num="2" count="5" type="stmt"/>
        <line num="3" count="5" type="stmt"/>
        <line num="4" count="21" type="cond" truecount="2" falsecount="0"/>
        <line num="6" count="5" type="stmt"/>
        <line num="7" count="12" type="cond" truecount="2" falsecount="0"/>
        <line num="8" count="3" type="stmt"/>
        <line num="11" count="2" type="stmt"/>
        <line num="14" count="1" type="stmt"/>
      </file>
      <file name="fizzbuzz.js" path="C:\Users\IncubXperts\Desktop\Learning\Github Copilot Testing\Auto Test Case Understanding\src\fizzbuzz.js">
        <metrics statements="8" coveredstatements="8" conditionals="8" coveredconditionals="8" methods="1" coveredmethods="1"/>
        <line num="2" count="8" type="cond" truecount="4" falsecount="0"/>
        <line num="3" count="2" type="stmt"/>
        <line num="4" count="6" type="cond" truecount="2" falsecount="0"/>
        <line num="5" count="2" type="stmt"/>
        <line num="6" count="4" type="cond" truecount="2" falsecount="0"/>
        <line num="7" count="2" type="stmt"/>
        <line num="9" count="2" type="stmt"/>
        <line num="13" count="1" type="stmt"/>
      </file>
      <file name="getDouble.js" path="C:\Users\IncubXperts\Desktop\Learning\Github Copilot Testing\Auto Test Case Understanding\src\getDouble.js">
        <metrics statements="2" coveredstatements="2" conditionals="0" coveredconditionals="0" methods="1" coveredmethods="1"/>
        <line num="2" count="6" type="stmt"/>
        <line num="5" count="1" type="stmt"/>
      </file>
      <file name="isValidParentheses.js" path="C:\Users\IncubXperts\Desktop\Learning\Github Copilot Testing\Auto Test Case Understanding\src\isValidParentheses.js">
        <metrics statements="9" coveredstatements="9" conditionals="4" coveredconditionals="4" methods="1" coveredmethods="1"/>
        <line num="2" count="8" type="stmt"/>
        <line num="3" count="8" type="stmt"/>
        <line num="4" count="8" type="stmt"/>
        <line num="5" count="24" type="cond" truecount="2" falsecount="0"/>
        <line num="6" count="14" type="stmt"/>
        <line num="8" count="10" type="cond" truecount="2" falsecount="0"/>
        <line num="9" count="3" type="stmt"/>
        <line num="13" count="5" type="stmt"/>
        <line num="16" count="1" type="stmt"/>
      </file>
      <file name="merge2sortedArray.js" path="C:\Users\IncubXperts\Desktop\Learning\Github Copilot Testing\Auto Test Case Understanding\src\merge2sortedArray.js">
        <metrics statements="12" coveredstatements="12" conditionals="4" coveredconditionals="4" methods="1" coveredmethods="1"/>
        <line num="2" count="5" type="stmt"/>
        <line num="3" count="5" type="stmt"/>
        <line num="4" count="5" type="cond" truecount="2" falsecount="0"/>
        <line num="5" count="13" type="cond" truecount="2" falsecount="0"/>
        <line num="6" count="8" type="stmt"/>
        <line num="7" count="8" type="stmt"/>
        <line num="9" count="5" type="stmt"/>
        <line num="10" count="5" type="stmt"/>
        <line num="13" count="5" type="stmt"/>
        <line num="16" count="1" type="stmt"/>
        <line num="17" count="1" type="stmt"/>
        <line num="19" count="1" type="stmt"/>
      </file>
      <file name="palindrome.js" path="C:\Users\IncubXperts\Desktop\Learning\Github Copilot Testing\Auto Test Case Understanding\src\palindrome.js">
        <metrics statements="3" coveredstatements="3" conditionals="0" coveredconditionals="0" methods="1" coveredmethods="1"/>
        <line num="2" count="6" type="stmt"/>
        <line num="3" count="6" type="stmt"/>
        <line num="6" count="1" type="stmt"/>
      </file>
      <file name="program1.js" path="C:\Users\IncubXperts\Desktop\Learning\Github Copilot Testing\Auto Test Case Understanding\src\program1.js">
        <metrics statements="6" coveredstatements="6" conditionals="0" coveredconditionals="0" methods="3" coveredmethods="3"/>
        <line num="1" count="1" type="stmt"/>
        <line num="17" count="2" type="stmt"/>
        <line num="18" count="2" type="stmt"/>
        <line num="19" count="2" type="stmt"/>
        <line num="24" count="2" type="stmt"/>
        <line num="27" count="1" type="stmt"/>
      </file>
      <file name="program2.js" path="C:\Users\IncubXperts\Desktop\Learning\Github Copilot Testing\Auto Test Case Understanding\src\program2.js">
        <metrics statements="5" coveredstatements="5" conditionals="2" coveredconditionals="2" methods="1" coveredmethods="1"/>
        <line num="4" count="5" type="stmt"/>
        <line num="5" count="10" type="cond" truecount="2" falsecount="0"/>
        <line num="6" count="2" type="stmt"/>
        <line num="8" count="3" type="stmt"/>
        <line num="11" count="1" type="stmt"/>
      </file>
      <file name="reverseString.js" path="C:\Users\IncubXperts\Desktop\Learning\Github Copilot Testing\Auto Test Case Understanding\src\reverseString.js">
        <metrics statements="2" coveredstatements="2" conditionals="0" coveredconditionals="0" methods="1" coveredmethods="1"/>
        <line num="2" count="4" type="stmt"/>
        <line num="5" count="1" type="stmt"/>
      </file>
    </package>
    <package name="src.romanToNumberConvertor">
      <metrics statements="20" coveredstatements="20" conditionals="12" coveredconditionals="10" methods="3" coveredmethods="3"/>
      <file name="data.js" path="C:\Users\IncubXperts\Desktop\Learning\Github Copilot Testing\Auto Test Case Understanding\src\romanToNumberConvertor\data.js">
        <metrics statements="2" coveredstatements="2" conditionals="0" coveredconditionals="0" methods="0" coveredmethods="0"/>
        <line num="1" count="1" type="stmt"/>
        <line num="11" count="1" type="stmt"/>
      </file>
      <file name="main.js" path="C:\Users\IncubXperts\Desktop\Learning\Github Copilot Testing\Auto Test Case Understanding\src\romanToNumberConvertor\main.js">
        <metrics statements="18" coveredstatements="18" conditionals="12" coveredconditionals="10" methods="3" coveredmethods="3"/>
        <line num="1" count="1" type="stmt"/>
        <line num="4" count="82" type="stmt"/>
        <line num="8" count="22" type="cond" truecount="1" falsecount="1"/>
        <line num="12" count="25" type="stmt"/>
        <line num="14" count="25" type="cond" truecount="2" falsecount="0"/>
        <line num="15" count="25" type="cond" truecount="2" falsecount="0"/>
        <line num="16" count="4" type="stmt"/>
        <line num="19" count="21" type="stmt"/>
        <line num="20" count="41" type="stmt"/>
        <line num="21" count="41" type="stmt"/>
        <line num="22" count="41" type="stmt"/>
        <line num="23" count="41" type="cond" truecount="1" falsecount="1"/>
        <line num="24" count="41" type="cond" truecount="4" falsecount="0"/>
        <line num="25" count="12" type="stmt"/>
        <line num="26" count="12" type="stmt"/>
        <line num="28" count="41" type="stmt"/>
        <line num="31" count="21" type="stmt"/>
        <line num="34" count="1" type="stmt"/>
      </file>
    </package>
  </project>
</coverage>
