{"C:\\Users\\IncubXperts\\Desktop\\Learning\\Github Copilot Testing\\Auto Test Case Understanding\\program1.js": {"path":"C:\\Users\\IncubXperts\\Desktop\\Learning\\Github Copilot Testing\\Auto Test Case Understanding\\program1.js","statementMap":{"0":{"start":{"line":1,"column":0},"end":{"line":14,"column":2}},"1":{"start":{"line":17,"column":4},"end":{"line":20,"column":5}},"2":{"start":{"line":18,"column":8},"end":{"line":18,"column":48}},"3":{"start":{"line":19,"column":8},"end":{"line":19,"column":19}},"4":{"start":{"line":24,"column":4},"end":{"line":24,"column":19}},"5":{"start":{"line":27,"column":0},"end":{"line":30,"column":1}}},"fnMap":{"0":{"name":"concat","decl":{"start":{"line":16,"column":9},"end":{"line":16,"column":15}},"loc":{"start":{"line":16,"column":18},"end":{"line":21,"column":1}},"line":16},"1":{"name":"(anonymous_1)","decl":{"start":{"line":17,"column":11},"end":{"line":17,"column":12}},"loc":{"start":{"line":17,"column":20},"end":{"line":20,"column":5}},"line":17},"2":{"name":"addition","decl":{"start":{"line":23,"column":9},"end":{"line":23,"column":17}},"loc":{"start":{"line":23,"column":26},"end":{"line":25,"column":1}},"line":23}},"branchMap":{},"s":{"0":1,"1":2,"2":2,"3":2,"4":2,"5":1},"f":{"0":2,"1":2,"2":2},"b":{},"_coverageSchema":"1a1c01bbd47fc00a2c39e90264f33305004495a9","hash":"a18ff4c240ebf7476866097fdd1495c112fb176f"}
,"C:\\Users\\IncubXperts\\Desktop\\Learning\\Github Copilot Testing\\Auto Test Case Understanding\\program2.js": {"path":"C:\\Users\\IncubXperts\\Desktop\\Learning\\Github Copilot Testing\\Auto Test Case Understanding\\program2.js","statementMap":{"0":{"start":{"line":3,"column":4},"end":{"line":5,"column":21}},"1":{"start":{"line":4,"column":8},"end":{"line":5,"column":21}},"2":{"start":{"line":5,"column":12},"end":{"line":5,"column":21}},"3":{"start":{"line":7,"column":4},"end":{"line":7,"column":14}},"4":{"start":{"line":10,"column":0},"end":{"line":10,"column":33}}},"fnMap":{"0":{"name":"findElement","decl":{"start":{"line":1,"column":9},"end":{"line":1,"column":20}},"loc":{"start":{"line":1,"column":34},"end":{"line":8,"column":1}},"line":1}},"branchMap":{"0":{"loc":{"start":{"line":4,"column":8},"end":{"line":5,"column":21}},"type":"if","locations":[{"start":{"line":4,"column":8},"end":{"line":5,"column":21}},{"start":{},"end":{}}],"line":4}},"s":{"0":5,"1":10,"2":2,"3":3,"4":1},"f":{"0":5},"b":{"0":[2,8]},"_coverageSchema":"1a1c01bbd47fc00a2c39e90264f33305004495a9","hash":"d98268f42092abcaf5fba28de633bfc034e46f30"}
}
