{"C:\\Users\\IncubXperts\\Desktop\\Learning\\Github Copilot Testing\\Auto Test Case Understanding\\src\\canCrossTheBridge.js": {"path":"C:\\Users\\IncubXperts\\Desktop\\Learning\\Github Copilot Testing\\Auto Test Case Understanding\\src\\canCrossTheBridge.js","statementMap":{"0":{"start":{"line":2,"column":4},"end":{"line":2,"column":36}},"1":{"start":{"line":5,"column":0},"end":{"line":5,"column":39}}},"fnMap":{"0":{"name":"canCrossTheBridge","decl":{"start":{"line":1,"column":9},"end":{"line":1,"column":26}},"loc":{"start":{"line":1,"column":51},"end":{"line":3,"column":1}},"line":1}},"branchMap":{},"s":{"0":7,"1":1},"f":{"0":7},"b":{},"_coverageSchema":"1a1c01bbd47fc00a2c39e90264f33305004495a9","hash":"7f1b9cc370c15cef041d871f73e55f4756435b35"}
,"C:\\Users\\IncubXperts\\Desktop\\Learning\\Github Copilot Testing\\Auto Test Case Understanding\\src\\firstNonRepChar.js": {"path":"C:\\Users\\IncubXperts\\Desktop\\Learning\\Github Copilot Testing\\Auto Test Case Understanding\\src\\firstNonRepChar.js","statementMap":{"0":{"start":{"line":2,"column":22},"end":{"line":2,"column":24}},"1":{"start":{"line":3,"column":4},"end":{"line":5,"column":5}},"2":{"start":{"line":4,"column":8},"end":{"line":4,"column":53}},"3":{"start":{"line":6,"column":4},"end":{"line":10,"column":5}},"4":{"start":{"line":7,"column":8},"end":{"line":9,"column":9}},"5":{"start":{"line":8,"column":12},"end":{"line":8,"column":24}},"6":{"start":{"line":11,"column":4},"end":{"line":11,"column":16}},"7":{"start":{"line":14,"column":0},"end":{"line":14,"column":42}}},"fnMap":{"0":{"name":"firstNonRepeatedChar","decl":{"start":{"line":1,"column":9},"end":{"line":1,"column":29}},"loc":{"start":{"line":1,"column":35},"end":{"line":12,"column":1}},"line":1}},"branchMap":{"0":{"loc":{"start":{"line":4,"column":27},"end":{"line":4,"column":47}},"type":"binary-expr","locations":[{"start":{"line":4,"column":27},"end":{"line":4,"column":42}},{"start":{"line":4,"column":46},"end":{"line":4,"column":47}}],"line":4},"1":{"loc":{"start":{"line":7,"column":8},"end":{"line":9,"column":9}},"type":"if","locations":[{"start":{"line":7,"column":8},"end":{"line":9,"column":9}},{"start":{},"end":{}}],"line":7}},"s":{"0":5,"1":5,"2":21,"3":5,"4":12,"5":3,"6":2,"7":1},"f":{"0":5},"b":{"0":[21,13],"1":[3,9]},"_coverageSchema":"1a1c01bbd47fc00a2c39e90264f33305004495a9","hash":"19133a093da6722318fabe29d13915609776ab82"}
,"C:\\Users\\IncubXperts\\Desktop\\Learning\\Github Copilot Testing\\Auto Test Case Understanding\\src\\fizzbuzz.js": {"path":"C:\\Users\\IncubXperts\\Desktop\\Learning\\Github Copilot Testing\\Auto Test Case Understanding\\src\\fizzbuzz.js","statementMap":{"0":{"start":{"line":2,"column":4},"end":{"line":10,"column":5}},"1":{"start":{"line":3,"column":8},"end":{"line":3,"column":26}},"2":{"start":{"line":4,"column":11},"end":{"line":10,"column":5}},"3":{"start":{"line":5,"column":8},"end":{"line":5,"column":22}},"4":{"start":{"line":6,"column":11},"end":{"line":10,"column":5}},"5":{"start":{"line":7,"column":8},"end":{"line":7,"column":22}},"6":{"start":{"line":9,"column":8},"end":{"line":9,"column":33}},"7":{"start":{"line":13,"column":0},"end":{"line":13,"column":30}}},"fnMap":{"0":{"name":"fizzBuzz","decl":{"start":{"line":1,"column":9},"end":{"line":1,"column":17}},"loc":{"start":{"line":1,"column":26},"end":{"line":11,"column":1}},"line":1}},"branchMap":{"0":{"loc":{"start":{"line":2,"column":4},"end":{"line":10,"column":5}},"type":"if","locations":[{"start":{"line":2,"column":4},"end":{"line":10,"column":5}},{"start":{"line":4,"column":11},"end":{"line":10,"column":5}}],"line":2},"1":{"loc":{"start":{"line":2,"column":8},"end":{"line":2,"column":44}},"type":"binary-expr","locations":[{"start":{"line":2,"column":8},"end":{"line":2,"column":24}},{"start":{"line":2,"column":28},"end":{"line":2,"column":44}}],"line":2},"2":{"loc":{"start":{"line":4,"column":11},"end":{"line":10,"column":5}},"type":"if","locations":[{"start":{"line":4,"column":11},"end":{"line":10,"column":5}},{"start":{"line":6,"column":11},"end":{"line":10,"column":5}}],"line":4},"3":{"loc":{"start":{"line":6,"column":11},"end":{"line":10,"column":5}},"type":"if","locations":[{"start":{"line":6,"column":11},"end":{"line":10,"column":5}},{"start":{"line":8,"column":11},"end":{"line":10,"column":5}}],"line":6}},"s":{"0":8,"1":2,"2":6,"3":2,"4":4,"5":2,"6":2,"7":1},"f":{"0":8},"b":{"0":[2,6],"1":[8,4],"2":[2,4],"3":[2,2]},"_coverageSchema":"1a1c01bbd47fc00a2c39e90264f33305004495a9","hash":"64c1bfd9978a20f802e68a7ffa6b077730470026"}
,"C:\\Users\\IncubXperts\\Desktop\\Learning\\Github Copilot Testing\\Auto Test Case Understanding\\src\\getDouble.js": {"path":"C:\\Users\\IncubXperts\\Desktop\\Learning\\Github Copilot Testing\\Auto Test Case Understanding\\src\\getDouble.js","statementMap":{"0":{"start":{"line":2,"column":2},"end":{"line":2,"column":17}},"1":{"start":{"line":5,"column":0},"end":{"line":5,"column":31}}},"fnMap":{"0":{"name":"getDouble","decl":{"start":{"line":1,"column":9},"end":{"line":1,"column":18}},"loc":{"start":{"line":1,"column":24},"end":{"line":3,"column":1}},"line":1}},"branchMap":{},"s":{"0":6,"1":1},"f":{"0":6},"b":{},"_coverageSchema":"1a1c01bbd47fc00a2c39e90264f33305004495a9","hash":"7202cc919d269b35c6e9499642048c02819714e5"}
,"C:\\Users\\IncubXperts\\Desktop\\Learning\\Github Copilot Testing\\Auto Test Case Understanding\\src\\isValidParentheses.js": {"path":"C:\\Users\\IncubXperts\\Desktop\\Learning\\Github Copilot Testing\\Auto Test Case Understanding\\src\\isValidParentheses.js","statementMap":{"0":{"start":{"line":2,"column":18},"end":{"line":2,"column":20}},"1":{"start":{"line":3,"column":18},"end":{"line":3,"column":50}},"2":{"start":{"line":4,"column":4},"end":{"line":12,"column":5}},"3":{"start":{"line":5,"column":8},"end":{"line":11,"column":9}},"4":{"start":{"line":6,"column":12},"end":{"line":6,"column":29}},"5":{"start":{"line":8,"column":12},"end":{"line":10,"column":13}},"6":{"start":{"line":9,"column":16},"end":{"line":9,"column":29}},"7":{"start":{"line":13,"column":4},"end":{"line":13,"column":30}},"8":{"start":{"line":16,"column":0},"end":{"line":16,"column":40}}},"fnMap":{"0":{"name":"isValidParentheses","decl":{"start":{"line":1,"column":9},"end":{"line":1,"column":27}},"loc":{"start":{"line":1,"column":31},"end":{"line":14,"column":1}},"line":1}},"branchMap":{"0":{"loc":{"start":{"line":5,"column":8},"end":{"line":11,"column":9}},"type":"if","locations":[{"start":{"line":5,"column":8},"end":{"line":11,"column":9}},{"start":{"line":7,"column":15},"end":{"line":11,"column":9}}],"line":5},"1":{"loc":{"start":{"line":8,"column":12},"end":{"line":10,"column":13}},"type":"if","locations":[{"start":{"line":8,"column":12},"end":{"line":10,"column":13}},{"start":{},"end":{}}],"line":8}},"s":{"0":8,"1":8,"2":8,"3":24,"4":14,"5":10,"6":3,"7":5,"8":1},"f":{"0":8},"b":{"0":[14,10],"1":[3,7]},"_coverageSchema":"1a1c01bbd47fc00a2c39e90264f33305004495a9","hash":"4b0adc5958f0000b0584a42d891c786041606305"}
,"C:\\Users\\IncubXperts\\Desktop\\Learning\\Github Copilot Testing\\Auto Test Case Understanding\\src\\merge2sortedArray.js": {"path":"C:\\Users\\IncubXperts\\Desktop\\Learning\\Github Copilot Testing\\Auto Test Case Understanding\\src\\merge2sortedArray.js","statementMap":{"0":{"start":{"line":2,"column":19},"end":{"line":2,"column":21}},"1":{"start":{"line":3,"column":12},"end":{"line":3,"column":13}},"2":{"start":{"line":3,"column":19},"end":{"line":3,"column":20}},"3":{"start":{"line":4,"column":4},"end":{"line":12,"column":5}},"4":{"start":{"line":5,"column":8},"end":{"line":11,"column":9}},"5":{"start":{"line":6,"column":12},"end":{"line":6,"column":33}},"6":{"start":{"line":7,"column":12},"end":{"line":7,"column":16}},"7":{"start":{"line":9,"column":12},"end":{"line":9,"column":33}},"8":{"start":{"line":10,"column":12},"end":{"line":10,"column":16}},"9":{"start":{"line":13,"column":4},"end":{"line":13,"column":62}},"10":{"start":{"line":16,"column":13},"end":{"line":16,"column":22}},"11":{"start":{"line":17,"column":13},"end":{"line":17,"column":22}},"12":{"start":{"line":19,"column":0},"end":{"line":19,"column":39}}},"fnMap":{"0":{"name":"mergeSortedArrays","decl":{"start":{"line":1,"column":9},"end":{"line":1,"column":26}},"loc":{"start":{"line":1,"column":39},"end":{"line":14,"column":1}},"line":1}},"branchMap":{"0":{"loc":{"start":{"line":4,"column":11},"end":{"line":4,"column":45}},"type":"binary-expr","locations":[{"start":{"line":4,"column":11},"end":{"line":4,"column":26}},{"start":{"line":4,"column":30},"end":{"line":4,"column":45}}],"line":4},"1":{"loc":{"start":{"line":5,"column":8},"end":{"line":11,"column":9}},"type":"if","locations":[{"start":{"line":5,"column":8},"end":{"line":11,"column":9}},{"start":{"line":8,"column":15},"end":{"line":11,"column":9}}],"line":5}},"s":{"0":5,"1":5,"2":5,"3":5,"4":13,"5":8,"6":8,"7":5,"8":5,"9":5,"10":1,"11":1,"12":1},"f":{"0":5},"b":{"0":[18,13],"1":[8,5]},"_coverageSchema":"1a1c01bbd47fc00a2c39e90264f33305004495a9","hash":"a6553b7bc292018ef3cad717ee9296580b81c887"}
,"C:\\Users\\IncubXperts\\Desktop\\Learning\\Github Copilot Testing\\Auto Test Case Understanding\\src\\palindrome.js": {"path":"C:\\Users\\IncubXperts\\Desktop\\Learning\\Github Copilot Testing\\Auto Test Case Understanding\\src\\palindrome.js","statementMap":{"0":{"start":{"line":2,"column":21},"end":{"line":2,"column":53}},"1":{"start":{"line":3,"column":4},"end":{"line":3,"column":28}},"2":{"start":{"line":6,"column":0},"end":{"line":6,"column":34}}},"fnMap":{"0":{"name":"isPalindrome","decl":{"start":{"line":1,"column":9},"end":{"line":1,"column":21}},"loc":{"start":{"line":1,"column":27},"end":{"line":4,"column":1}},"line":1}},"branchMap":{},"s":{"0":6,"1":6,"2":1},"f":{"0":6},"b":{},"_coverageSchema":"1a1c01bbd47fc00a2c39e90264f33305004495a9","hash":"1041653f4a05cb5811044b53f8bd307824ee93df"}
,"C:\\Users\\IncubXperts\\Desktop\\Learning\\Github Copilot Testing\\Auto Test Case Understanding\\src\\program1.js": {"path":"C:\\Users\\IncubXperts\\Desktop\\Learning\\Github Copilot Testing\\Auto Test Case Understanding\\src\\program1.js","statementMap":{"0":{"start":{"line":1,"column":11},"end":{"line":14,"column":1}},"1":{"start":{"line":17,"column":4},"end":{"line":20,"column":5}},"2":{"start":{"line":18,"column":8},"end":{"line":18,"column":48}},"3":{"start":{"line":19,"column":8},"end":{"line":19,"column":19}},"4":{"start":{"line":24,"column":4},"end":{"line":24,"column":19}},"5":{"start":{"line":27,"column":0},"end":{"line":30,"column":1}}},"fnMap":{"0":{"name":"concat","decl":{"start":{"line":16,"column":9},"end":{"line":16,"column":15}},"loc":{"start":{"line":16,"column":18},"end":{"line":21,"column":1}},"line":16},"1":{"name":"(anonymous_1)","decl":{"start":{"line":17,"column":11},"end":{"line":17,"column":12}},"loc":{"start":{"line":17,"column":20},"end":{"line":20,"column":5}},"line":17},"2":{"name":"addition","decl":{"start":{"line":23,"column":9},"end":{"line":23,"column":17}},"loc":{"start":{"line":23,"column":26},"end":{"line":25,"column":1}},"line":23}},"branchMap":{},"s":{"0":1,"1":2,"2":2,"3":2,"4":2,"5":1},"f":{"0":2,"1":2,"2":2},"b":{},"_coverageSchema":"1a1c01bbd47fc00a2c39e90264f33305004495a9","hash":"72b26620f0b311f46daa1d1e13539b6226ee5811"}
,"C:\\Users\\IncubXperts\\Desktop\\Learning\\Github Copilot Testing\\Auto Test Case Understanding\\src\\program2.js": {"path":"C:\\Users\\IncubXperts\\Desktop\\Learning\\Github Copilot Testing\\Auto Test Case Understanding\\src\\program2.js","statementMap":{"0":{"start":{"line":4,"column":4},"end":{"line":6,"column":21}},"1":{"start":{"line":5,"column":8},"end":{"line":6,"column":21}},"2":{"start":{"line":6,"column":12},"end":{"line":6,"column":21}},"3":{"start":{"line":8,"column":4},"end":{"line":8,"column":14}},"4":{"start":{"line":11,"column":0},"end":{"line":11,"column":33}}},"fnMap":{"0":{"name":"findElement","decl":{"start":{"line":2,"column":9},"end":{"line":2,"column":20}},"loc":{"start":{"line":2,"column":34},"end":{"line":9,"column":1}},"line":2}},"branchMap":{"0":{"loc":{"start":{"line":5,"column":8},"end":{"line":6,"column":21}},"type":"if","locations":[{"start":{"line":5,"column":8},"end":{"line":6,"column":21}},{"start":{},"end":{}}],"line":5}},"s":{"0":5,"1":10,"2":2,"3":3,"4":1},"f":{"0":5},"b":{"0":[2,8]},"_coverageSchema":"1a1c01bbd47fc00a2c39e90264f33305004495a9","hash":"7a75817e46255f0fb3dfca90c9e40c083f365c8d"}
,"C:\\Users\\IncubXperts\\Desktop\\Learning\\Github Copilot Testing\\Auto Test Case Understanding\\src\\reverseString.js": {"path":"C:\\Users\\IncubXperts\\Desktop\\Learning\\Github Copilot Testing\\Auto Test Case Understanding\\src\\reverseString.js","statementMap":{"0":{"start":{"line":2,"column":4},"end":{"line":2,"column":59}},"1":{"start":{"line":5,"column":0},"end":{"line":5,"column":35}}},"fnMap":{"0":{"name":"reverseString","decl":{"start":{"line":1,"column":9},"end":{"line":1,"column":22}},"loc":{"start":{"line":1,"column":28},"end":{"line":3,"column":1}},"line":1}},"branchMap":{},"s":{"0":4,"1":1},"f":{"0":4},"b":{},"_coverageSchema":"1a1c01bbd47fc00a2c39e90264f33305004495a9","hash":"f8ed300aca5de8e21f7a07773bedf9f83a5698fe"}
,"C:\\Users\\IncubXperts\\Desktop\\Learning\\Github Copilot Testing\\Auto Test Case Understanding\\src\\romanToNumberConvertor\\data.js": {"path":"C:\\Users\\IncubXperts\\Desktop\\Learning\\Github Copilot Testing\\Auto Test Case Understanding\\src\\romanToNumberConvertor\\data.js","statementMap":{"0":{"start":{"line":1,"column":22},"end":{"line":9,"column":1}},"1":{"start":{"line":11,"column":0},"end":{"line":11,"column":35}}},"fnMap":{},"branchMap":{},"s":{"0":1,"1":1},"f":{},"b":{},"_coverageSchema":"1a1c01bbd47fc00a2c39e90264f33305004495a9","hash":"f057dd6d20162156f16443b1890565002fc48939"}
,"C:\\Users\\IncubXperts\\Desktop\\Learning\\Github Copilot Testing\\Auto Test Case Understanding\\src\\romanToNumberConvertor\\main.js": {"path":"C:\\Users\\IncubXperts\\Desktop\\Learning\\Github Copilot Testing\\Auto Test Case Understanding\\src\\romanToNumberConvertor\\main.js","statementMap":{"0":{"start":{"line":1,"column":26},"end":{"line":1,"column":43}},"1":{"start":{"line":4,"column":4},"end":{"line":4,"column":37}},"2":{"start":{"line":8,"column":4},"end":{"line":8,"column":78}},"3":{"start":{"line":12,"column":17},"end":{"line":12,"column":18}},"4":{"start":{"line":14,"column":4},"end":{"line":14,"column":73}},"5":{"start":{"line":15,"column":4},"end":{"line":17,"column":5}},"6":{"start":{"line":16,"column":8},"end":{"line":16,"column":17}},"7":{"start":{"line":19,"column":4},"end":{"line":29,"column":5}},"8":{"start":{"line":19,"column":17},"end":{"line":19,"column":18}},"9":{"start":{"line":20,"column":22},"end":{"line":20,"column":36}},"10":{"start":{"line":21,"column":20},"end":{"line":21,"column":47}},"11":{"start":{"line":22,"column":26},"end":{"line":22,"column":44}},"12":{"start":{"line":23,"column":26},"end":{"line":23,"column":89}},"13":{"start":{"line":24,"column":8},"end":{"line":27,"column":9}},"14":{"start":{"line":25,"column":12},"end":{"line":25,"column":38}},"15":{"start":{"line":26,"column":12},"end":{"line":26,"column":16}},"16":{"start":{"line":28,"column":8},"end":{"line":28,"column":24}},"17":{"start":{"line":31,"column":4},"end":{"line":31,"column":18}},"18":{"start":{"line":34,"column":0},"end":{"line":34,"column":31}}},"fnMap":{"0":{"name":"convertRomanToNumber","decl":{"start":{"line":3,"column":9},"end":{"line":3,"column":29}},"loc":{"start":{"line":3,"column":42},"end":{"line":5,"column":1}},"line":3},"1":{"name":"makeValidRomanNumber","decl":{"start":{"line":7,"column":9},"end":{"line":7,"column":29}},"loc":{"start":{"line":7,"column":43},"end":{"line":9,"column":1}},"line":7},"2":{"name":"calculate","decl":{"start":{"line":11,"column":9},"end":{"line":11,"column":18}},"loc":{"start":{"line":11,"column":32},"end":{"line":32,"column":1}},"line":11}},"branchMap":{"0":{"loc":{"start":{"line":8,"column":11},"end":{"line":8,"column":77}},"type":"cond-expr","locations":[{"start":{"line":8,"column":25},"end":{"line":8,"column":70}},{"start":{"line":8,"column":73},"end":{"line":8,"column":77}}],"line":8},"1":{"loc":{"start":{"line":14,"column":18},"end":{"line":14,"column":72}},"type":"cond-expr","locations":[{"start":{"line":14,"column":32},"end":{"line":14,"column":65}},{"start":{"line":14,"column":68},"end":{"line":14,"column":72}}],"line":14},"2":{"loc":{"start":{"line":15,"column":4},"end":{"line":17,"column":5}},"type":"if","locations":[{"start":{"line":15,"column":4},"end":{"line":17,"column":5}},{"start":{},"end":{}}],"line":15},"3":{"loc":{"start":{"line":23,"column":26},"end":{"line":23,"column":89}},"type":"cond-expr","locations":[{"start":{"line":23,"column":51},"end":{"line":23,"column":82}},{"start":{"line":23,"column":85},"end":{"line":23,"column":89}}],"line":23},"4":{"loc":{"start":{"line":24,"column":8},"end":{"line":27,"column":9}},"type":"if","locations":[{"start":{"line":24,"column":8},"end":{"line":27,"column":9}},{"start":{},"end":{}}],"line":24},"5":{"loc":{"start":{"line":24,"column":12},"end":{"line":24,"column":42}},"type":"binary-expr","locations":[{"start":{"line":24,"column":12},"end":{"line":24,"column":21}},{"start":{"line":24,"column":25},"end":{"line":24,"column":42}}],"line":24}},"s":{"0":1,"1":82,"2":22,"3":25,"4":25,"5":25,"6":4,"7":21,"8":21,"9":41,"10":41,"11":41,"12":41,"13":41,"14":12,"15":12,"16":41,"17":21,"18":1},"f":{"0":82,"1":22,"2":25},"b":{"0":[22,0],"1":[22,3],"2":[4,21],"3":[41,0],"4":[12,29],"5":[41,26]},"_coverageSchema":"1a1c01bbd47fc00a2c39e90264f33305004495a9","hash":"37c567b598cf5ce0a0e8f3c744384d1461f95c22"}
}
