TN:
SF:src\canCrossTheBridge.js
FN:1,canCrossTheBridge
FNF:1
FNH:1
FNDA:7,canCrossTheBridge
DA:2,7
DA:5,1
LF:2
LH:2
BRF:0
BRH:0
end_of_record
TN:
SF:src\firstNonRepChar.js
FN:1,firstNonRepeatedChar
FNF:1
FNH:1
FNDA:5,firstNonRepeatedChar
DA:2,5
DA:3,5
DA:4,21
DA:6,5
DA:7,12
DA:8,3
DA:11,2
DA:14,1
LF:8
LH:8
BRDA:4,0,0,21
BRDA:4,0,1,13
BRDA:7,1,0,3
BRDA:7,1,1,9
BRF:4
BRH:4
end_of_record
TN:
SF:src\fizzbuzz.js
FN:1,fizzBuzz
FNF:1
FNH:1
FNDA:8,fizzBuzz
DA:2,8
DA:3,2
DA:4,6
DA:5,2
DA:6,4
DA:7,2
DA:9,2
DA:13,1
LF:8
LH:8
BRDA:2,0,0,2
BRDA:2,0,1,6
BRDA:2,1,0,8
BRDA:2,1,1,4
BRDA:4,2,0,2
BRDA:4,2,1,4
BRDA:6,3,0,2
BRDA:6,3,1,2
BRF:8
BRH:8
end_of_record
TN:
SF:src\getDouble.js
FN:1,getDouble
FNF:1
FNH:1
FNDA:6,getDouble
DA:2,6
DA:5,1
LF:2
LH:2
BRF:0
BRH:0
end_of_record
TN:
SF:src\isValidParentheses.js
FN:1,isValidParentheses
FNF:1
FNH:1
FNDA:8,isValidParentheses
DA:2,8
DA:3,8
DA:4,8
DA:5,24
DA:6,14
DA:8,10
DA:9,3
DA:13,5
DA:16,1
LF:9
LH:9
BRDA:5,0,0,14
BRDA:5,0,1,10
BRDA:8,1,0,3
BRDA:8,1,1,7
BRF:4
BRH:4
end_of_record
TN:
SF:src\merge2sortedArray.js
FN:1,mergeSortedArrays
FNF:1
FNH:1
FNDA:5,mergeSortedArrays
DA:2,5
DA:3,5
DA:4,5
DA:5,13
DA:6,8
DA:7,8
DA:9,5
DA:10,5
DA:13,5
DA:16,1
DA:17,1
DA:19,1
LF:12
LH:12
BRDA:4,0,0,18
BRDA:4,0,1,13
BRDA:5,1,0,8
BRDA:5,1,1,5
BRF:4
BRH:4
end_of_record
TN:
SF:src\palindrome.js
FN:1,isPalindrome
FNF:1
FNH:1
FNDA:6,isPalindrome
DA:2,6
DA:3,6
DA:6,1
LF:3
LH:3
BRF:0
BRH:0
end_of_record
TN:
SF:src\program1.js
FN:16,concat
FN:17,(anonymous_1)
FN:23,addition
FNF:3
FNH:3
FNDA:2,concat
FNDA:2,(anonymous_1)
FNDA:2,addition
DA:1,1
DA:17,2
DA:18,2
DA:19,2
DA:24,2
DA:27,1
LF:6
LH:6
BRF:0
BRH:0
end_of_record
TN:
SF:src\program2.js
FN:2,findElement
FNF:1
FNH:1
FNDA:5,findElement
DA:4,5
DA:5,10
DA:6,2
DA:8,3
DA:11,1
LF:5
LH:5
BRDA:5,0,0,2
BRDA:5,0,1,8
BRF:2
BRH:2
end_of_record
TN:
SF:src\reverseString.js
FN:1,reverseString
FNF:1
FNH:1
FNDA:4,reverseString
DA:2,4
DA:5,1
LF:2
LH:2
BRF:0
BRH:0
end_of_record
TN:
SF:src\romanToNumberConvertor\data.js
FNF:0
FNH:0
DA:1,1
DA:11,1
LF:2
LH:2
BRF:0
BRH:0
end_of_record
TN:
SF:src\romanToNumberConvertor\main.js
FN:3,convertRomanToNumber
FN:7,makeValidRomanNumber
FN:11,calculate
FNF:3
FNH:3
FNDA:82,convertRomanToNumber
FNDA:22,makeValidRomanNumber
FNDA:25,calculate
DA:1,1
DA:4,82
DA:8,22
DA:12,25
DA:14,25
DA:15,25
DA:16,4
DA:19,21
DA:20,41
DA:21,41
DA:22,41
DA:23,41
DA:24,41
DA:25,12
DA:26,12
DA:28,41
DA:31,21
DA:34,1
LF:18
LH:18
BRDA:8,0,0,22
BRDA:8,0,1,0
BRDA:14,1,0,22
BRDA:14,1,1,3
BRDA:15,2,0,4
BRDA:15,2,1,21
BRDA:23,3,0,41
BRDA:23,3,1,0
BRDA:24,4,0,12
BRDA:24,4,1,29
BRDA:24,5,0,41
BRDA:24,5,1,26
BRF:12
BRH:10
end_of_record
